c:\users\lukaa\onedrive\desktop\projects\directx_opengl_viewer\viewerwin32\viewerwin32\x64\debug\vc143.pdb
c:\users\lukaa\onedrive\desktop\projects\directx_opengl_viewer\viewerwin32\viewerwin32\x64\debug\vc143.idb
c:\users\lukaa\onedrive\desktop\projects\directx_opengl_viewer\viewerwin32\viewerwin32\x64\debug\win32errorutil.obj
c:\users\lukaa\onedrive\desktop\projects\directx_opengl_viewer\viewerwin32\viewerwin32\x64\debug\viewerwin32.obj
c:\users\lukaa\onedrive\desktop\projects\directx_opengl_viewer\viewerwin32\viewerwin32\x64\debug\uicontrol.obj
c:\users\lukaa\onedrive\desktop\projects\directx_opengl_viewer\viewerwin32\viewerwin32\x64\debug\standardmaterialshader.obj
c:\users\lukaa\onedrive\desktop\projects\directx_opengl_viewer\viewerwin32\viewerwin32\x64\debug\shader.obj
c:\users\lukaa\onedrive\desktop\projects\directx_opengl_viewer\viewerwin32\viewerwin32\x64\debug\renderer.obj
c:\users\lukaa\onedrive\desktop\projects\directx_opengl_viewer\viewerwin32\viewerwin32\x64\debug\matrixutil.obj
c:\users\lukaa\onedrive\desktop\projects\directx_opengl_viewer\viewerwin32\viewerwin32\x64\debug\geometrybuffer.obj
c:\users\lukaa\onedrive\desktop\projects\directx_opengl_viewer\viewerwin32\viewerwin32\x64\debug\geometry.obj
c:\users\lukaa\onedrive\desktop\projects\directx_opengl_viewer\viewerwin32\viewerwin32\x64\debug\texture2d.obj
c:\users\lukaa\onedrive\desktop\projects\directx_opengl_viewer\viewerwin32\viewerwin32\x64\debug\imageloader.obj
c:\users\lukaa\onedrive\desktop\projects\directx_opengl_viewer\viewerwin32\viewerwin32\x64\debug\standardmaterial.obj
c:\users\lukaa\onedrive\desktop\projects\directx_opengl_viewer\viewerwin32\viewerwin32\x64\debug\camera.obj
c:\users\lukaa\onedrive\desktop\projects\directx_opengl_viewer\viewerwin32\viewerwin32\x64\debug\orbitcamera.obj
c:\users\lukaa\onedrive\desktop\projects\directx_opengl_viewer\viewerwin32\viewerwin32\x64\debug\mousestate.obj
c:\users\lukaa\onedrive\desktop\projects\directx_opengl_viewer\viewerwin32\viewerwin32\x64\debug\scenelights.obj
c:\users\lukaa\onedrive\desktop\projects\directx_opengl_viewer\viewerwin32\viewerwin32\x64\debug\directionallight.obj
c:\users\lukaa\onedrive\desktop\projects\directx_opengl_viewer\viewerwin32\viewerwin32\x64\debug\transform.obj
c:\users\lukaa\onedrive\desktop\projects\directx_opengl_viewer\viewerwin32\viewerwin32\x64\debug\pointlight.obj
c:\users\lukaa\onedrive\desktop\projects\directx_opengl_viewer\viewerwin32\viewerwin32\x64\debug\textureloader.obj
c:\users\lukaa\onedrive\desktop\projects\directx_opengl_viewer\viewerwin32\viewerwin32\x64\debug\mesh.obj
c:\users\lukaa\onedrive\desktop\projects\directx_opengl_viewer\viewerwin32\viewerwin32\x64\debug\cubetexture.obj
c:\users\lukaa\onedrive\desktop\projects\directx_opengl_viewer\viewerwin32\viewerwin32\x64\debug\skyboxshader.obj
c:\users\lukaa\onedrive\desktop\projects\directx_opengl_viewer\viewerwin32\viewerwin32\x64\debug\skybox.obj
c:\users\lukaa\onedrive\desktop\projects\directx_opengl_viewer\viewerwin32\viewerwin32\x64\debug\unlitmesh.obj
c:\users\lukaa\onedrive\desktop\projects\directx_opengl_viewer\viewerwin32\viewerwin32\x64\debug\unlitmaterialshader.obj
c:\users\lukaa\onedrive\desktop\projects\directx_opengl_viewer\viewerwin32\viewerwin32\x64\debug\unlitmaterial.obj
c:\users\lukaa\onedrive\desktop\projects\directx_opengl_viewer\viewerwin32\viewerwin32\x64\debug\posnormalgeometrybuffer.obj
c:\users\lukaa\onedrive\desktop\projects\directx_opengl_viewer\viewerwin32\viewerwin32\x64\debug\debugnormalshader.obj
c:\users\lukaa\onedrive\desktop\projects\directx_opengl_viewer\viewerwin32\viewerwin32\x64\debug\debugnormalmaterial.obj
c:\users\lukaa\onedrive\desktop\projects\directx_opengl_viewer\viewerwin32\x64\debug\skyboxps.cso
c:\users\lukaa\onedrive\desktop\projects\directx_opengl_viewer\viewerwin32\x64\debug\skyboxvs.cso
c:\users\lukaa\onedrive\desktop\projects\directx_opengl_viewer\viewerwin32\x64\debug\unlitmaterialps.cso
c:\users\lukaa\onedrive\desktop\projects\directx_opengl_viewer\viewerwin32\x64\debug\unlitmaterialvs.cso
c:\users\lukaa\onedrive\desktop\projects\directx_opengl_viewer\viewerwin32\x64\debug\standardmaterialps.cso
c:\users\lukaa\onedrive\desktop\projects\directx_opengl_viewer\viewerwin32\x64\debug\standardmaterialvs.cso
c:\users\lukaa\onedrive\desktop\projects\directx_opengl_viewer\viewerwin32\x64\debug\debugnormalps.cso
c:\users\lukaa\onedrive\desktop\projects\directx_opengl_viewer\viewerwin32\x64\debug\debugnormalvs.cso
c:\users\lukaa\onedrive\desktop\projects\directx_opengl_viewer\viewerwin32\x64\debug\debugnormalgs.cso
c:\users\lukaa\onedrive\desktop\projects\directx_opengl_viewer\viewerwin32\viewerwin32\x64\debug\viewerwin32.res
c:\users\lukaa\onedrive\desktop\projects\directx_opengl_viewer\viewerwin32\viewerwin32\x64\debug\viewerwin32.ilk
c:\users\lukaa\onedrive\desktop\projects\directx_opengl_viewer\viewerwin32\x64\debug\viewerwin32.pdb
c:\users\lukaa\onedrive\desktop\projects\directx_opengl_viewer\viewerwin32\x64\debug\viewerwin32.exe
c:\users\lukaa\onedrive\desktop\projects\directx_opengl_viewer\viewerwin32\viewerwin32\x64\debug\viewerwin32.tlog\cl.command.1.tlog
c:\users\lukaa\onedrive\desktop\projects\directx_opengl_viewer\viewerwin32\viewerwin32\x64\debug\viewerwin32.tlog\cl.items.tlog
c:\users\lukaa\onedrive\desktop\projects\directx_opengl_viewer\viewerwin32\viewerwin32\x64\debug\viewerwin32.tlog\cl.read.1.tlog
c:\users\lukaa\onedrive\desktop\projects\directx_opengl_viewer\viewerwin32\viewerwin32\x64\debug\viewerwin32.tlog\cl.write.1.tlog
c:\users\lukaa\onedrive\desktop\projects\directx_opengl_viewer\viewerwin32\viewerwin32\x64\debug\viewerwin32.tlog\fxc.command.1.tlog
c:\users\lukaa\onedrive\desktop\projects\directx_opengl_viewer\viewerwin32\viewerwin32\x64\debug\viewerwin32.tlog\fxc.read.1.tlog
c:\users\lukaa\onedrive\desktop\projects\directx_opengl_viewer\viewerwin32\viewerwin32\x64\debug\viewerwin32.tlog\fxc.write.1.tlog
c:\users\lukaa\onedrive\desktop\projects\directx_opengl_viewer\viewerwin32\viewerwin32\x64\debug\viewerwin32.tlog\link.command.1.tlog
c:\users\lukaa\onedrive\desktop\projects\directx_opengl_viewer\viewerwin32\viewerwin32\x64\debug\viewerwin32.tlog\link.read.1.tlog
c:\users\lukaa\onedrive\desktop\projects\directx_opengl_viewer\viewerwin32\viewerwin32\x64\debug\viewerwin32.tlog\link.write.1.tlog
c:\users\lukaa\onedrive\desktop\projects\directx_opengl_viewer\viewerwin32\viewerwin32\x64\debug\viewerwin32.tlog\rc.command.1.tlog
c:\users\lukaa\onedrive\desktop\projects\directx_opengl_viewer\viewerwin32\viewerwin32\x64\debug\viewerwin32.tlog\rc.read.1.tlog
c:\users\lukaa\onedrive\desktop\projects\directx_opengl_viewer\viewerwin32\viewerwin32\x64\debug\viewerwin32.tlog\rc.write.1.tlog
